{"/Users/mtwomey/node/tspect/src/demo.js": {"path":"/Users/mtwomey/node/tspect/src/demo.js","statementMap":{"0":{"start":{"line":2,"column":13},"end":{"line":2,"column":32}},"1":{"start":{"line":4,"column":0},"end":{"line":4,"column":7}},"2":{"start":{"line":6,"column":0},"end":{"line":9,"column":3}},"3":{"start":{"line":7,"column":4},"end":{"line":7,"column":73}},"4":{"start":{"line":12,"column":14},"end":{"line":12,"column":37}},"5":{"start":{"line":13,"column":4},"end":{"line":13,"column":32}},"6":{"start":{"line":15,"column":4},"end":{"line":15,"column":35}},"7":{"start":{"line":42,"column":4},"end":{"line":42,"column":25}},"8":{"start":{"line":43,"column":4},"end":{"line":43,"column":24}},"9":{"start":{"line":45,"column":4},"end":{"line":45,"column":14}}},"fnMap":{"0":{"name":"(anonymous_0)","decl":{"start":{"line":6,"column":33},"end":{"line":6,"column":34}},"loc":{"start":{"line":6,"column":48},"end":{"line":9,"column":1}},"line":6},"1":{"name":"main","decl":{"start":{"line":11,"column":15},"end":{"line":11,"column":19}},"loc":{"start":{"line":11,"column":22},"end":{"line":58,"column":1}},"line":11}},"branchMap":{},"s":{"0":0,"1":0,"2":0,"3":0,"4":0,"5":0,"6":0,"7":0,"8":0,"9":0},"f":{"0":0,"1":0},"b":{}}
,"/Users/mtwomey/node/tspect/src/tspect.js": {"path":"/Users/mtwomey/node/tspect/src/tspect.js","statementMap":{"0":{"start":{"line":2,"column":10},"end":{"line":2,"column":29}},"1":{"start":{"line":3,"column":13},"end":{"line":3,"column":30}},"2":{"start":{"line":6,"column":4},"end":{"line":6,"column":21}},"3":{"start":{"line":10,"column":4},"end":{"line":10,"column":19}},"4":{"start":{"line":11,"column":4},"end":{"line":13,"column":5}},"5":{"start":{"line":12,"column":8},"end":{"line":12,"column":29}},"6":{"start":{"line":14,"column":4},"end":{"line":14,"column":16}},"7":{"start":{"line":18,"column":4},"end":{"line":18,"column":28}},"8":{"start":{"line":20,"column":4},"end":{"line":65,"column":5}},"9":{"start":{"line":24,"column":8},"end":{"line":25,"column":27}},"10":{"start":{"line":25,"column":12},"end":{"line":25,"column":27}},"11":{"start":{"line":26,"column":8},"end":{"line":28,"column":9}},"12":{"start":{"line":27,"column":12},"end":{"line":27,"column":39}},"13":{"start":{"line":29,"column":8},"end":{"line":30,"column":26}},"14":{"start":{"line":30,"column":12},"end":{"line":30,"column":26}},"15":{"start":{"line":32,"column":23},"end":{"line":32,"column":25}},"16":{"start":{"line":33,"column":8},"end":{"line":61,"column":11}},"17":{"start":{"line":34,"column":12},"end":{"line":60,"column":16}},"18":{"start":{"line":36,"column":35},"end":{"line":36,"column":68}},"19":{"start":{"line":39,"column":30},"end":{"line":39,"column":50}},"20":{"start":{"line":40,"column":16},"end":{"line":44,"column":17}},"21":{"start":{"line":41,"column":20},"end":{"line":41,"column":60}},"22":{"start":{"line":42,"column":20},"end":{"line":42,"column":30}},"23":{"start":{"line":43,"column":20},"end":{"line":43,"column":30}},"24":{"start":{"line":47,"column":32},"end":{"line":47,"column":54}},"25":{"start":{"line":48,"column":16},"end":{"line":51,"column":17}},"26":{"start":{"line":49,"column":20},"end":{"line":49,"column":32}},"27":{"start":{"line":50,"column":20},"end":{"line":50,"column":30}},"28":{"start":{"line":53,"column":16},"end":{"line":56,"column":41}},"29":{"start":{"line":54,"column":20},"end":{"line":54,"column":45}},"30":{"start":{"line":55,"column":20},"end":{"line":55,"column":69}},"31":{"start":{"line":57,"column":25},"end":{"line":57,"column":63}},"32":{"start":{"line":58,"column":16},"end":{"line":58,"column":37}},"33":{"start":{"line":59,"column":16},"end":{"line":59,"column":54}},"34":{"start":{"line":62,"column":8},"end":{"line":63,"column":35}},"35":{"start":{"line":63,"column":12},"end":{"line":63,"column":35}},"36":{"start":{"line":64,"column":8},"end":{"line":64,"column":24}},"37":{"start":{"line":67,"column":4},"end":{"line":67,"column":16}},"38":{"start":{"line":71,"column":4},"end":{"line":73,"column":6}},"39":{"start":{"line":72,"column":8},"end":{"line":72,"column":48}},"40":{"start":{"line":77,"column":4},"end":{"line":77,"column":133}},"41":{"start":{"line":82,"column":18},"end":{"line":82,"column":22}},"42":{"start":{"line":83,"column":18},"end":{"line":84,"column":5}},"43":{"start":{"line":85,"column":20},"end":{"line":87,"column":5}},"44":{"start":{"line":86,"column":8},"end":{"line":86,"column":36}},"45":{"start":{"line":89,"column":4},"end":{"line":90,"column":23}},"46":{"start":{"line":90,"column":8},"end":{"line":90,"column":23}},"47":{"start":{"line":92,"column":4},"end":{"line":94,"column":5}},"48":{"start":{"line":93,"column":8},"end":{"line":93,"column":35}},"49":{"start":{"line":96,"column":4},"end":{"line":97,"column":22}},"50":{"start":{"line":97,"column":8},"end":{"line":97,"column":22}},"51":{"start":{"line":98,"column":4},"end":{"line":99,"column":28}},"52":{"start":{"line":99,"column":8},"end":{"line":99,"column":28}},"53":{"start":{"line":101,"column":4},"end":{"line":101,"column":22}},"54":{"start":{"line":103,"column":4},"end":{"line":107,"column":5}},"55":{"start":{"line":104,"column":8},"end":{"line":104,"column":26}},"56":{"start":{"line":106,"column":8},"end":{"line":106,"column":26}},"57":{"start":{"line":109,"column":4},"end":{"line":110,"column":26}},"58":{"start":{"line":110,"column":8},"end":{"line":110,"column":26}},"59":{"start":{"line":112,"column":4},"end":{"line":113,"column":28}},"60":{"start":{"line":113,"column":8},"end":{"line":113,"column":28}},"61":{"start":{"line":115,"column":4},"end":{"line":116,"column":28}},"62":{"start":{"line":116,"column":8},"end":{"line":116,"column":28}},"63":{"start":{"line":118,"column":4},"end":{"line":118,"column":27}},"64":{"start":{"line":119,"column":4},"end":{"line":119,"column":27}},"65":{"start":{"line":120,"column":4},"end":{"line":120,"column":27}},"66":{"start":{"line":121,"column":4},"end":{"line":121,"column":31}},"67":{"start":{"line":123,"column":4},"end":{"line":123,"column":16}},"68":{"start":{"line":127,"column":4},"end":{"line":127,"column":32}},"69":{"start":{"line":128,"column":4},"end":{"line":128,"column":29}},"70":{"start":{"line":129,"column":22},"end":{"line":129,"column":29}},"71":{"start":{"line":130,"column":4},"end":{"line":131,"column":39}},"72":{"start":{"line":131,"column":8},"end":{"line":131,"column":39}},"73":{"start":{"line":132,"column":4},"end":{"line":132,"column":45}},"74":{"start":{"line":134,"column":21},"end":{"line":140,"column":6}},"75":{"start":{"line":141,"column":4},"end":{"line":141,"column":67}},"76":{"start":{"line":143,"column":29},"end":{"line":143,"column":53}},"77":{"start":{"line":144,"column":20},"end":{"line":144,"column":35}},"78":{"start":{"line":145,"column":4},"end":{"line":153,"column":7}},"79":{"start":{"line":148,"column":12},"end":{"line":148,"column":47}},"80":{"start":{"line":151,"column":12},"end":{"line":151,"column":50}},"81":{"start":{"line":155,"column":21},"end":{"line":155,"column":37}},"82":{"start":{"line":157,"column":4},"end":{"line":159,"column":6}},"83":{"start":{"line":158,"column":8},"end":{"line":158,"column":77}},"84":{"start":{"line":160,"column":4},"end":{"line":162,"column":6}},"85":{"start":{"line":161,"column":8},"end":{"line":161,"column":77}},"86":{"start":{"line":163,"column":4},"end":{"line":163,"column":22}},"87":{"start":{"line":167,"column":4},"end":{"line":199,"column":7}},"88":{"start":{"line":168,"column":8},"end":{"line":168,"column":31}},"89":{"start":{"line":170,"column":8},"end":{"line":170,"column":39}},"90":{"start":{"line":172,"column":34},"end":{"line":174,"column":9}},"91":{"start":{"line":173,"column":12},"end":{"line":173,"column":75}},"92":{"start":{"line":175,"column":8},"end":{"line":175,"column":57}},"93":{"start":{"line":177,"column":31},"end":{"line":179,"column":9}},"94":{"start":{"line":178,"column":12},"end":{"line":178,"column":35}},"95":{"start":{"line":180,"column":8},"end":{"line":180,"column":51}},"96":{"start":{"line":182,"column":36},"end":{"line":184,"column":9}},"97":{"start":{"line":183,"column":12},"end":{"line":183,"column":39}},"98":{"start":{"line":185,"column":8},"end":{"line":185,"column":53}},"99":{"start":{"line":187,"column":8},"end":{"line":197,"column":11}},"100":{"start":{"line":189,"column":12},"end":{"line":189,"column":44}},"101":{"start":{"line":191,"column":12},"end":{"line":191,"column":47}},"102":{"start":{"line":193,"column":12},"end":{"line":193,"column":48}},"103":{"start":{"line":194,"column":12},"end":{"line":194,"column":44}},"104":{"start":{"line":195,"column":12},"end":{"line":195,"column":34}},"105":{"start":{"line":196,"column":12},"end":{"line":196,"column":22}},"106":{"start":{"line":198,"column":8},"end":{"line":198,"column":31}},"107":{"start":{"line":204,"column":4},"end":{"line":205,"column":35}},"108":{"start":{"line":205,"column":8},"end":{"line":205,"column":35}},"109":{"start":{"line":206,"column":4},"end":{"line":206,"column":26}},"110":{"start":{"line":207,"column":4},"end":{"line":217,"column":5}},"111":{"start":{"line":208,"column":8},"end":{"line":216,"column":10}},"112":{"start":{"line":209,"column":12},"end":{"line":215,"column":14}},"113":{"start":{"line":210,"column":16},"end":{"line":214,"column":17}},"114":{"start":{"line":211,"column":20},"end":{"line":211,"column":60}},"115":{"start":{"line":212,"column":20},"end":{"line":212,"column":43}},"116":{"start":{"line":213,"column":20},"end":{"line":213,"column":77}},"117":{"start":{"line":220,"column":0},"end":{"line":222,"column":2}}},"fnMap":{"0":{"name":"PtyConfig","decl":{"start":{"line":5,"column":9},"end":{"line":5,"column":18}},"loc":{"start":{"line":5,"column":21},"end":{"line":7,"column":1}},"line":5},"1":{"name":"DataHolder","decl":{"start":{"line":9,"column":9},"end":{"line":9,"column":19}},"loc":{"start":{"line":9,"column":22},"end":{"line":15,"column":1}},"line":9},"2":{"name":"(anonymous_2)","decl":{"start":{"line":11,"column":18},"end":{"line":11,"column":19}},"loc":{"start":{"line":11,"column":29},"end":{"line":13,"column":5}},"line":11},"3":{"name":"ExpectClauseHolder","decl":{"start":{"line":17,"column":9},"end":{"line":17,"column":27}},"loc":{"start":{"line":17,"column":30},"end":{"line":68,"column":1}},"line":17},"4":{"name":"(anonymous_4)","decl":{"start":{"line":20,"column":15},"end":{"line":20,"column":16}},"loc":{"start":{"line":20,"column":28},"end":{"line":65,"column":5}},"line":20},"5":{"name":"(anonymous_5)","decl":{"start":{"line":33,"column":21},"end":{"line":33,"column":22}},"loc":{"start":{"line":33,"column":37},"end":{"line":61,"column":9}},"line":33},"6":{"name":"(anonymous_6)","decl":{"start":{"line":34,"column":38},"end":{"line":34,"column":39}},"loc":{"start":{"line":34,"column":59},"end":{"line":60,"column":13}},"line":34},"7":{"name":"(anonymous_7)","decl":{"start":{"line":40,"column":39},"end":{"line":40,"column":40}},"loc":{"start":{"line":40,"column":45},"end":{"line":44,"column":17}},"line":40},"8":{"name":"(anonymous_8)","decl":{"start":{"line":48,"column":41},"end":{"line":48,"column":42}},"loc":{"start":{"line":48,"column":47},"end":{"line":51,"column":17}},"line":48},"9":{"name":"(anonymous_9)","decl":{"start":{"line":53,"column":55},"end":{"line":53,"column":56}},"loc":{"start":{"line":53,"column":61},"end":{"line":56,"column":17}},"line":53},"10":{"name":"die","decl":{"start":{"line":70,"column":9},"end":{"line":70,"column":12}},"loc":{"start":{"line":70,"column":45},"end":{"line":74,"column":1}},"line":70},"11":{"name":"(anonymous_11)","decl":{"start":{"line":71,"column":60},"end":{"line":71,"column":61}},"loc":{"start":{"line":71,"column":76},"end":{"line":73,"column":5}},"line":71},"12":{"name":"isObject","decl":{"start":{"line":76,"column":9},"end":{"line":76,"column":17}},"loc":{"start":{"line":76,"column":21},"end":{"line":78,"column":1}},"line":76},"13":{"name":"ExpectClause","decl":{"start":{"line":80,"column":9},"end":{"line":80,"column":21}},"loc":{"start":{"line":80,"column":31},"end":{"line":124,"column":1}},"line":80},"14":{"name":"(anonymous_14)","decl":{"start":{"line":83,"column":18},"end":{"line":83,"column":19}},"loc":{"start":{"line":83,"column":24},"end":{"line":84,"column":5}},"line":83},"15":{"name":"(anonymous_15)","decl":{"start":{"line":85,"column":20},"end":{"line":85,"column":21}},"loc":{"start":{"line":85,"column":26},"end":{"line":87,"column":5}},"line":85},"16":{"name":"spawn","decl":{"start":{"line":126,"column":9},"end":{"line":126,"column":14}},"loc":{"start":{"line":126,"column":32},"end":{"line":164,"column":1}},"line":126},"17":{"name":"(anonymous_17)","decl":{"start":{"line":147,"column":13},"end":{"line":147,"column":14}},"loc":{"start":{"line":147,"column":19},"end":{"line":149,"column":9}},"line":147},"18":{"name":"(anonymous_18)","decl":{"start":{"line":150,"column":18},"end":{"line":150,"column":19}},"loc":{"start":{"line":150,"column":24},"end":{"line":152,"column":9}},"line":150},"19":{"name":"(anonymous_19)","decl":{"start":{"line":157,"column":26},"end":{"line":157,"column":27}},"loc":{"start":{"line":157,"column":36},"end":{"line":159,"column":5}},"line":157},"20":{"name":"(anonymous_20)","decl":{"start":{"line":160,"column":25},"end":{"line":160,"column":26}},"loc":{"start":{"line":160,"column":35},"end":{"line":162,"column":5}},"line":160},"21":{"name":"interact","decl":{"start":{"line":166,"column":9},"end":{"line":166,"column":17}},"loc":{"start":{"line":166,"column":41},"end":{"line":201,"column":1}},"line":166},"22":{"name":"(anonymous_22)","decl":{"start":{"line":167,"column":23},"end":{"line":167,"column":24}},"loc":{"start":{"line":167,"column":44},"end":{"line":199,"column":5}},"line":167},"23":{"name":"(anonymous_23)","decl":{"start":{"line":172,"column":34},"end":{"line":172,"column":35}},"loc":{"start":{"line":172,"column":40},"end":{"line":174,"column":9}},"line":172},"24":{"name":"(anonymous_24)","decl":{"start":{"line":177,"column":31},"end":{"line":177,"column":32}},"loc":{"start":{"line":177,"column":39},"end":{"line":179,"column":9}},"line":177},"25":{"name":"(anonymous_25)","decl":{"start":{"line":182,"column":36},"end":{"line":182,"column":37}},"loc":{"start":{"line":182,"column":44},"end":{"line":184,"column":9}},"line":182},"26":{"name":"(anonymous_26)","decl":{"start":{"line":187,"column":31},"end":{"line":187,"column":32}},"loc":{"start":{"line":187,"column":43},"end":{"line":197,"column":9}},"line":187},"27":{"name":"processIncomingData","decl":{"start":{"line":203,"column":9},"end":{"line":203,"column":28}},"loc":{"start":{"line":203,"column":76},"end":{"line":218,"column":1}},"line":203},"28":{"name":"(anonymous_28)","decl":{"start":{"line":208,"column":64},"end":{"line":208,"column":65}},"loc":{"start":{"line":208,"column":80},"end":{"line":216,"column":9}},"line":208},"29":{"name":"(anonymous_29)","decl":{"start":{"line":209,"column":41},"end":{"line":209,"column":42}},"loc":{"start":{"line":209,"column":51},"end":{"line":215,"column":13}},"line":209}},"branchMap":{"0":{"loc":{"start":{"line":24,"column":8},"end":{"line":25,"column":27}},"type":"if","locations":[{"start":{"line":24,"column":8},"end":{"line":25,"column":27}},{"start":{"line":24,"column":8},"end":{"line":25,"column":27}}],"line":24},"1":{"loc":{"start":{"line":26,"column":8},"end":{"line":28,"column":9}},"type":"if","locations":[{"start":{"line":26,"column":8},"end":{"line":28,"column":9}},{"start":{"line":26,"column":8},"end":{"line":28,"column":9}}],"line":26},"2":{"loc":{"start":{"line":29,"column":8},"end":{"line":30,"column":26}},"type":"if","locations":[{"start":{"line":29,"column":8},"end":{"line":30,"column":26}},{"start":{"line":29,"column":8},"end":{"line":30,"column":26}}],"line":29},"3":{"loc":{"start":{"line":62,"column":8},"end":{"line":63,"column":35}},"type":"if","locations":[{"start":{"line":62,"column":8},"end":{"line":63,"column":35}},{"start":{"line":62,"column":8},"end":{"line":63,"column":35}}],"line":62},"4":{"loc":{"start":{"line":77,"column":11},"end":{"line":77,"column":132}},"type":"binary-expr","locations":[{"start":{"line":77,"column":11},"end":{"line":77,"column":28}},{"start":{"line":77,"column":32},"end":{"line":77,"column":53}},{"start":{"line":77,"column":57},"end":{"line":77,"column":78}},{"start":{"line":77,"column":82},"end":{"line":77,"column":104}},{"start":{"line":77,"column":108},"end":{"line":77,"column":132}}],"line":77},"5":{"loc":{"start":{"line":89,"column":4},"end":{"line":90,"column":23}},"type":"if","locations":[{"start":{"line":89,"column":4},"end":{"line":90,"column":23}},{"start":{"line":89,"column":4},"end":{"line":90,"column":23}}],"line":89},"6":{"loc":{"start":{"line":92,"column":4},"end":{"line":94,"column":5}},"type":"if","locations":[{"start":{"line":92,"column":4},"end":{"line":94,"column":5}},{"start":{"line":92,"column":4},"end":{"line":94,"column":5}}],"line":92},"7":{"loc":{"start":{"line":96,"column":4},"end":{"line":97,"column":22}},"type":"if","locations":[{"start":{"line":96,"column":4},"end":{"line":97,"column":22}},{"start":{"line":96,"column":4},"end":{"line":97,"column":22}}],"line":96},"8":{"loc":{"start":{"line":98,"column":4},"end":{"line":99,"column":28}},"type":"if","locations":[{"start":{"line":98,"column":4},"end":{"line":99,"column":28}},{"start":{"line":98,"column":4},"end":{"line":99,"column":28}}],"line":98},"9":{"loc":{"start":{"line":103,"column":4},"end":{"line":107,"column":5}},"type":"if","locations":[{"start":{"line":103,"column":4},"end":{"line":107,"column":5}},{"start":{"line":103,"column":4},"end":{"line":107,"column":5}}],"line":103},"10":{"loc":{"start":{"line":109,"column":4},"end":{"line":110,"column":26}},"type":"if","locations":[{"start":{"line":109,"column":4},"end":{"line":110,"column":26}},{"start":{"line":109,"column":4},"end":{"line":110,"column":26}}],"line":109},"11":{"loc":{"start":{"line":112,"column":4},"end":{"line":113,"column":28}},"type":"if","locations":[{"start":{"line":112,"column":4},"end":{"line":113,"column":28}},{"start":{"line":112,"column":4},"end":{"line":113,"column":28}}],"line":112},"12":{"loc":{"start":{"line":115,"column":4},"end":{"line":116,"column":28}},"type":"if","locations":[{"start":{"line":115,"column":4},"end":{"line":116,"column":28}},{"start":{"line":115,"column":4},"end":{"line":116,"column":28}}],"line":115},"13":{"loc":{"start":{"line":130,"column":4},"end":{"line":131,"column":39}},"type":"if","locations":[{"start":{"line":130,"column":4},"end":{"line":131,"column":39}},{"start":{"line":130,"column":4},"end":{"line":131,"column":39}}],"line":130},"14":{"loc":{"start":{"line":204,"column":4},"end":{"line":205,"column":35}},"type":"if","locations":[{"start":{"line":204,"column":4},"end":{"line":205,"column":35}},{"start":{"line":204,"column":4},"end":{"line":205,"column":35}}],"line":204},"15":{"loc":{"start":{"line":207,"column":4},"end":{"line":217,"column":5}},"type":"if","locations":[{"start":{"line":207,"column":4},"end":{"line":217,"column":5}},{"start":{"line":207,"column":4},"end":{"line":217,"column":5}}],"line":207},"16":{"loc":{"start":{"line":210,"column":16},"end":{"line":214,"column":17}},"type":"if","locations":[{"start":{"line":210,"column":16},"end":{"line":214,"column":17}},{"start":{"line":210,"column":16},"end":{"line":214,"column":17}}],"line":210}},"s":{"0":0,"1":0,"2":0,"3":0,"4":0,"5":0,"6":0,"7":0,"8":0,"9":0,"10":0,"11":0,"12":0,"13":0,"14":0,"15":0,"16":0,"17":0,"18":0,"19":0,"20":0,"21":0,"22":0,"23":0,"24":0,"25":0,"26":0,"27":0,"28":0,"29":0,"30":0,"31":0,"32":0,"33":0,"34":0,"35":0,"36":0,"37":0,"38":0,"39":0,"40":0,"41":0,"42":0,"43":0,"44":0,"45":0,"46":0,"47":0,"48":0,"49":0,"50":0,"51":0,"52":0,"53":0,"54":0,"55":0,"56":0,"57":0,"58":0,"59":0,"60":0,"61":0,"62":0,"63":0,"64":0,"65":0,"66":0,"67":0,"68":0,"69":0,"70":0,"71":0,"72":0,"73":0,"74":0,"75":0,"76":0,"77":0,"78":0,"79":0,"80":0,"81":0,"82":0,"83":0,"84":0,"85":0,"86":0,"87":0,"88":0,"89":0,"90":0,"91":0,"92":0,"93":0,"94":0,"95":0,"96":0,"97":0,"98":0,"99":0,"100":0,"101":0,"102":0,"103":0,"104":0,"105":0,"106":0,"107":0,"108":0,"109":0,"110":0,"111":0,"112":0,"113":0,"114":0,"115":0,"116":0,"117":0},"f":{"0":0,"1":0,"2":0,"3":0,"4":0,"5":0,"6":0,"7":0,"8":0,"9":0,"10":0,"11":0,"12":0,"13":0,"14":0,"15":0,"16":0,"17":0,"18":0,"19":0,"20":0,"21":0,"22":0,"23":0,"24":0,"25":0,"26":0,"27":0,"28":0,"29":0},"b":{"0":[0,0],"1":[0,0],"2":[0,0],"3":[0,0],"4":[0,0,0,0,0],"5":[0,0],"6":[0,0],"7":[0,0],"8":[0,0],"9":[0,0],"10":[0,0],"11":[0,0],"12":[0,0],"13":[0,0],"14":[0,0],"15":[0,0],"16":[0,0]}}
}
