{"/Users/mtwomey/node/tspect/src/demo.js": {"path":"/Users/mtwomey/node/tspect/src/demo.js","statementMap":{"0":{"start":{"line":1,"column":13},"end":{"line":1,"column":32}},"1":{"start":{"line":3,"column":0},"end":{"line":3,"column":7}},"2":{"start":{"line":8,"column":4},"end":{"line":8,"column":38}},"3":{"start":{"line":9,"column":4},"end":{"line":9,"column":41}},"4":{"start":{"line":10,"column":4},"end":{"line":10,"column":42}},"5":{"start":{"line":12,"column":4},"end":{"line":12,"column":38}},"6":{"start":{"line":13,"column":4},"end":{"line":13,"column":41}},"7":{"start":{"line":14,"column":4},"end":{"line":14,"column":42}}},"fnMap":{"0":{"name":"main","decl":{"start":{"line":5,"column":15},"end":{"line":5,"column":19}},"loc":{"start":{"line":5,"column":22},"end":{"line":15,"column":1}},"line":5}},"branchMap":{},"s":{"0":0,"1":0,"2":0,"3":0,"4":0,"5":0,"6":0,"7":0},"f":{"0":0},"b":{}}
,"/Users/mtwomey/node/tspect/src/tspect.js": {"path":"/Users/mtwomey/node/tspect/src/tspect.js","statementMap":{"0":{"start":{"line":2,"column":10},"end":{"line":2,"column":29}},"1":{"start":{"line":3,"column":13},"end":{"line":3,"column":30}},"2":{"start":{"line":6,"column":4},"end":{"line":6,"column":21}},"3":{"start":{"line":10,"column":4},"end":{"line":10,"column":19}},"4":{"start":{"line":11,"column":4},"end":{"line":13,"column":5}},"5":{"start":{"line":12,"column":8},"end":{"line":12,"column":29}},"6":{"start":{"line":14,"column":4},"end":{"line":14,"column":16}},"7":{"start":{"line":18,"column":4},"end":{"line":18,"column":28}},"8":{"start":{"line":20,"column":4},"end":{"line":65,"column":5}},"9":{"start":{"line":24,"column":8},"end":{"line":25,"column":27}},"10":{"start":{"line":25,"column":12},"end":{"line":25,"column":27}},"11":{"start":{"line":26,"column":8},"end":{"line":28,"column":9}},"12":{"start":{"line":27,"column":12},"end":{"line":27,"column":39}},"13":{"start":{"line":29,"column":8},"end":{"line":30,"column":26}},"14":{"start":{"line":30,"column":12},"end":{"line":30,"column":26}},"15":{"start":{"line":32,"column":23},"end":{"line":32,"column":25}},"16":{"start":{"line":33,"column":8},"end":{"line":61,"column":11}},"17":{"start":{"line":34,"column":12},"end":{"line":60,"column":16}},"18":{"start":{"line":36,"column":35},"end":{"line":36,"column":68}},"19":{"start":{"line":39,"column":30},"end":{"line":39,"column":50}},"20":{"start":{"line":40,"column":16},"end":{"line":44,"column":17}},"21":{"start":{"line":41,"column":20},"end":{"line":41,"column":60}},"22":{"start":{"line":42,"column":20},"end":{"line":42,"column":30}},"23":{"start":{"line":43,"column":20},"end":{"line":43,"column":34}},"24":{"start":{"line":47,"column":32},"end":{"line":47,"column":54}},"25":{"start":{"line":48,"column":16},"end":{"line":51,"column":17}},"26":{"start":{"line":49,"column":20},"end":{"line":49,"column":32}},"27":{"start":{"line":50,"column":20},"end":{"line":50,"column":35}},"28":{"start":{"line":53,"column":16},"end":{"line":56,"column":41}},"29":{"start":{"line":54,"column":20},"end":{"line":54,"column":45}},"30":{"start":{"line":55,"column":20},"end":{"line":55,"column":69}},"31":{"start":{"line":57,"column":25},"end":{"line":57,"column":63}},"32":{"start":{"line":58,"column":16},"end":{"line":58,"column":37}},"33":{"start":{"line":59,"column":16},"end":{"line":59,"column":54}},"34":{"start":{"line":62,"column":8},"end":{"line":63,"column":35}},"35":{"start":{"line":63,"column":12},"end":{"line":63,"column":35}},"36":{"start":{"line":64,"column":8},"end":{"line":64,"column":24}},"37":{"start":{"line":67,"column":4},"end":{"line":67,"column":16}},"38":{"start":{"line":71,"column":4},"end":{"line":73,"column":6}},"39":{"start":{"line":72,"column":8},"end":{"line":72,"column":48}},"40":{"start":{"line":77,"column":4},"end":{"line":77,"column":133}},"41":{"start":{"line":82,"column":18},"end":{"line":82,"column":22}},"42":{"start":{"line":83,"column":18},"end":{"line":84,"column":5}},"43":{"start":{"line":85,"column":20},"end":{"line":87,"column":5}},"44":{"start":{"line":86,"column":8},"end":{"line":86,"column":36}},"45":{"start":{"line":89,"column":4},"end":{"line":90,"column":23}},"46":{"start":{"line":90,"column":8},"end":{"line":90,"column":23}},"47":{"start":{"line":92,"column":4},"end":{"line":94,"column":5}},"48":{"start":{"line":93,"column":8},"end":{"line":93,"column":35}},"49":{"start":{"line":96,"column":4},"end":{"line":97,"column":22}},"50":{"start":{"line":97,"column":8},"end":{"line":97,"column":22}},"51":{"start":{"line":98,"column":4},"end":{"line":99,"column":28}},"52":{"start":{"line":99,"column":8},"end":{"line":99,"column":28}},"53":{"start":{"line":101,"column":4},"end":{"line":101,"column":22}},"54":{"start":{"line":103,"column":4},"end":{"line":105,"column":5}},"55":{"start":{"line":104,"column":8},"end":{"line":104,"column":26}},"56":{"start":{"line":106,"column":4},"end":{"line":108,"column":5}},"57":{"start":{"line":107,"column":8},"end":{"line":107,"column":26}},"58":{"start":{"line":110,"column":4},"end":{"line":111,"column":26}},"59":{"start":{"line":111,"column":8},"end":{"line":111,"column":26}},"60":{"start":{"line":113,"column":4},"end":{"line":114,"column":28}},"61":{"start":{"line":114,"column":8},"end":{"line":114,"column":28}},"62":{"start":{"line":116,"column":4},"end":{"line":117,"column":28}},"63":{"start":{"line":117,"column":8},"end":{"line":117,"column":28}},"64":{"start":{"line":119,"column":4},"end":{"line":119,"column":27}},"65":{"start":{"line":120,"column":4},"end":{"line":120,"column":27}},"66":{"start":{"line":121,"column":4},"end":{"line":121,"column":27}},"67":{"start":{"line":122,"column":4},"end":{"line":122,"column":31}},"68":{"start":{"line":124,"column":4},"end":{"line":130,"column":6}},"69":{"start":{"line":132,"column":4},"end":{"line":132,"column":16}},"70":{"start":{"line":136,"column":4},"end":{"line":136,"column":32}},"71":{"start":{"line":137,"column":4},"end":{"line":137,"column":29}},"72":{"start":{"line":138,"column":22},"end":{"line":138,"column":29}},"73":{"start":{"line":139,"column":4},"end":{"line":140,"column":39}},"74":{"start":{"line":140,"column":8},"end":{"line":140,"column":39}},"75":{"start":{"line":141,"column":4},"end":{"line":141,"column":45}},"76":{"start":{"line":143,"column":21},"end":{"line":149,"column":6}},"77":{"start":{"line":150,"column":4},"end":{"line":150,"column":67}},"78":{"start":{"line":152,"column":29},"end":{"line":152,"column":53}},"79":{"start":{"line":153,"column":20},"end":{"line":153,"column":35}},"80":{"start":{"line":154,"column":4},"end":{"line":163,"column":7}},"81":{"start":{"line":157,"column":12},"end":{"line":157,"column":58}},"82":{"start":{"line":158,"column":12},"end":{"line":158,"column":30}},"83":{"start":{"line":161,"column":12},"end":{"line":161,"column":71}},"84":{"start":{"line":165,"column":21},"end":{"line":165,"column":37}},"85":{"start":{"line":167,"column":4},"end":{"line":169,"column":6}},"86":{"start":{"line":168,"column":8},"end":{"line":168,"column":77}},"87":{"start":{"line":170,"column":4},"end":{"line":172,"column":6}},"88":{"start":{"line":171,"column":8},"end":{"line":171,"column":77}},"89":{"start":{"line":173,"column":4},"end":{"line":173,"column":22}},"90":{"start":{"line":177,"column":4},"end":{"line":209,"column":7}},"91":{"start":{"line":178,"column":8},"end":{"line":178,"column":31}},"92":{"start":{"line":180,"column":8},"end":{"line":180,"column":39}},"93":{"start":{"line":183,"column":12},"end":{"line":183,"column":75}},"94":{"start":{"line":185,"column":8},"end":{"line":185,"column":66}},"95":{"start":{"line":188,"column":12},"end":{"line":188,"column":35}},"96":{"start":{"line":190,"column":8},"end":{"line":190,"column":60}},"97":{"start":{"line":193,"column":12},"end":{"line":193,"column":39}},"98":{"start":{"line":195,"column":8},"end":{"line":195,"column":58}},"99":{"start":{"line":197,"column":8},"end":{"line":208,"column":11}},"100":{"start":{"line":198,"column":12},"end":{"line":198,"column":65}},"101":{"start":{"line":199,"column":12},"end":{"line":199,"column":67}},"102":{"start":{"line":200,"column":12},"end":{"line":200,"column":73}},"103":{"start":{"line":201,"column":12},"end":{"line":201,"column":44}},"104":{"start":{"line":202,"column":12},"end":{"line":202,"column":34}},"105":{"start":{"line":203,"column":12},"end":{"line":203,"column":34}},"106":{"start":{"line":206,"column":12},"end":{"line":206,"column":58}},"107":{"start":{"line":207,"column":12},"end":{"line":207,"column":22}},"108":{"start":{"line":213,"column":4},"end":{"line":214,"column":35}},"109":{"start":{"line":214,"column":8},"end":{"line":214,"column":35}},"110":{"start":{"line":215,"column":4},"end":{"line":215,"column":26}},"111":{"start":{"line":216,"column":4},"end":{"line":226,"column":5}},"112":{"start":{"line":217,"column":8},"end":{"line":225,"column":10}},"113":{"start":{"line":218,"column":12},"end":{"line":224,"column":14}},"114":{"start":{"line":219,"column":16},"end":{"line":223,"column":17}},"115":{"start":{"line":220,"column":20},"end":{"line":220,"column":60}},"116":{"start":{"line":221,"column":20},"end":{"line":221,"column":43}},"117":{"start":{"line":222,"column":20},"end":{"line":222,"column":77}},"118":{"start":{"line":229,"column":0},"end":{"line":231,"column":2}}},"fnMap":{"0":{"name":"PtyConfig","decl":{"start":{"line":5,"column":9},"end":{"line":5,"column":18}},"loc":{"start":{"line":5,"column":21},"end":{"line":7,"column":1}},"line":5},"1":{"name":"DataHolder","decl":{"start":{"line":9,"column":9},"end":{"line":9,"column":19}},"loc":{"start":{"line":9,"column":22},"end":{"line":15,"column":1}},"line":9},"2":{"name":"(anonymous_2)","decl":{"start":{"line":11,"column":18},"end":{"line":11,"column":19}},"loc":{"start":{"line":11,"column":29},"end":{"line":13,"column":5}},"line":11},"3":{"name":"ExpectClauseHolder","decl":{"start":{"line":17,"column":9},"end":{"line":17,"column":27}},"loc":{"start":{"line":17,"column":30},"end":{"line":68,"column":1}},"line":17},"4":{"name":"(anonymous_4)","decl":{"start":{"line":20,"column":15},"end":{"line":20,"column":16}},"loc":{"start":{"line":20,"column":28},"end":{"line":65,"column":5}},"line":20},"5":{"name":"(anonymous_5)","decl":{"start":{"line":33,"column":21},"end":{"line":33,"column":22}},"loc":{"start":{"line":33,"column":37},"end":{"line":61,"column":9}},"line":33},"6":{"name":"(anonymous_6)","decl":{"start":{"line":34,"column":38},"end":{"line":34,"column":39}},"loc":{"start":{"line":34,"column":59},"end":{"line":60,"column":13}},"line":34},"7":{"name":"(anonymous_7)","decl":{"start":{"line":40,"column":39},"end":{"line":40,"column":40}},"loc":{"start":{"line":40,"column":45},"end":{"line":44,"column":17}},"line":40},"8":{"name":"(anonymous_8)","decl":{"start":{"line":48,"column":41},"end":{"line":48,"column":42}},"loc":{"start":{"line":48,"column":47},"end":{"line":51,"column":17}},"line":48},"9":{"name":"(anonymous_9)","decl":{"start":{"line":53,"column":55},"end":{"line":53,"column":56}},"loc":{"start":{"line":53,"column":61},"end":{"line":56,"column":17}},"line":53},"10":{"name":"clearExpectClauseTimeouts","decl":{"start":{"line":70,"column":9},"end":{"line":70,"column":34}},"loc":{"start":{"line":70,"column":55},"end":{"line":74,"column":1}},"line":70},"11":{"name":"(anonymous_11)","decl":{"start":{"line":71,"column":60},"end":{"line":71,"column":61}},"loc":{"start":{"line":71,"column":76},"end":{"line":73,"column":5}},"line":71},"12":{"name":"isObject","decl":{"start":{"line":76,"column":9},"end":{"line":76,"column":17}},"loc":{"start":{"line":76,"column":21},"end":{"line":78,"column":1}},"line":76},"13":{"name":"ExpectClause","decl":{"start":{"line":80,"column":9},"end":{"line":80,"column":21}},"loc":{"start":{"line":80,"column":31},"end":{"line":133,"column":1}},"line":80},"14":{"name":"(anonymous_14)","decl":{"start":{"line":83,"column":18},"end":{"line":83,"column":19}},"loc":{"start":{"line":83,"column":24},"end":{"line":84,"column":5}},"line":83},"15":{"name":"(anonymous_15)","decl":{"start":{"line":85,"column":20},"end":{"line":85,"column":21}},"loc":{"start":{"line":85,"column":26},"end":{"line":87,"column":5}},"line":85},"16":{"name":"spawn","decl":{"start":{"line":135,"column":9},"end":{"line":135,"column":14}},"loc":{"start":{"line":135,"column":32},"end":{"line":174,"column":1}},"line":135},"17":{"name":"(anonymous_17)","decl":{"start":{"line":156,"column":14},"end":{"line":156,"column":15}},"loc":{"start":{"line":156,"column":20},"end":{"line":159,"column":9}},"line":156},"18":{"name":"(anonymous_18)","decl":{"start":{"line":160,"column":18},"end":{"line":160,"column":19}},"loc":{"start":{"line":160,"column":24},"end":{"line":162,"column":9}},"line":160},"19":{"name":"(anonymous_19)","decl":{"start":{"line":167,"column":35},"end":{"line":167,"column":36}},"loc":{"start":{"line":167,"column":45},"end":{"line":169,"column":5}},"line":167},"20":{"name":"(anonymous_20)","decl":{"start":{"line":170,"column":34},"end":{"line":170,"column":35}},"loc":{"start":{"line":170,"column":44},"end":{"line":172,"column":5}},"line":170},"21":{"name":"interact","decl":{"start":{"line":176,"column":9},"end":{"line":176,"column":17}},"loc":{"start":{"line":176,"column":61},"end":{"line":210,"column":1}},"line":176},"22":{"name":"(anonymous_22)","decl":{"start":{"line":177,"column":23},"end":{"line":177,"column":24}},"loc":{"start":{"line":177,"column":44},"end":{"line":209,"column":5}},"line":177},"23":{"name":"stdoutResizeHandler","decl":{"start":{"line":182,"column":17},"end":{"line":182,"column":36}},"loc":{"start":{"line":182,"column":39},"end":{"line":184,"column":9}},"line":182},"24":{"name":"stdinDataHandler","decl":{"start":{"line":187,"column":17},"end":{"line":187,"column":33}},"loc":{"start":{"line":187,"column":40},"end":{"line":189,"column":9}},"line":187},"25":{"name":"stdoutDataHandler","decl":{"start":{"line":192,"column":17},"end":{"line":192,"column":34}},"loc":{"start":{"line":192,"column":41},"end":{"line":194,"column":9}},"line":192},"26":{"name":"(anonymous_26)","decl":{"start":{"line":197,"column":40},"end":{"line":197,"column":41}},"loc":{"start":{"line":197,"column":52},"end":{"line":208,"column":9}},"line":197},"27":{"name":"processIncomingData","decl":{"start":{"line":212,"column":9},"end":{"line":212,"column":28}},"loc":{"start":{"line":212,"column":76},"end":{"line":227,"column":1}},"line":212},"28":{"name":"(anonymous_28)","decl":{"start":{"line":217,"column":64},"end":{"line":217,"column":65}},"loc":{"start":{"line":217,"column":80},"end":{"line":225,"column":9}},"line":217},"29":{"name":"(anonymous_29)","decl":{"start":{"line":218,"column":41},"end":{"line":218,"column":42}},"loc":{"start":{"line":218,"column":51},"end":{"line":224,"column":13}},"line":218}},"branchMap":{"0":{"loc":{"start":{"line":24,"column":8},"end":{"line":25,"column":27}},"type":"if","locations":[{"start":{"line":24,"column":8},"end":{"line":25,"column":27}},{"start":{"line":24,"column":8},"end":{"line":25,"column":27}}],"line":24},"1":{"loc":{"start":{"line":26,"column":8},"end":{"line":28,"column":9}},"type":"if","locations":[{"start":{"line":26,"column":8},"end":{"line":28,"column":9}},{"start":{"line":26,"column":8},"end":{"line":28,"column":9}}],"line":26},"2":{"loc":{"start":{"line":29,"column":8},"end":{"line":30,"column":26}},"type":"if","locations":[{"start":{"line":29,"column":8},"end":{"line":30,"column":26}},{"start":{"line":29,"column":8},"end":{"line":30,"column":26}}],"line":29},"3":{"loc":{"start":{"line":62,"column":8},"end":{"line":63,"column":35}},"type":"if","locations":[{"start":{"line":62,"column":8},"end":{"line":63,"column":35}},{"start":{"line":62,"column":8},"end":{"line":63,"column":35}}],"line":62},"4":{"loc":{"start":{"line":77,"column":11},"end":{"line":77,"column":132}},"type":"binary-expr","locations":[{"start":{"line":77,"column":11},"end":{"line":77,"column":28}},{"start":{"line":77,"column":32},"end":{"line":77,"column":53}},{"start":{"line":77,"column":57},"end":{"line":77,"column":78}},{"start":{"line":77,"column":82},"end":{"line":77,"column":104}},{"start":{"line":77,"column":108},"end":{"line":77,"column":132}}],"line":77},"5":{"loc":{"start":{"line":89,"column":4},"end":{"line":90,"column":23}},"type":"if","locations":[{"start":{"line":89,"column":4},"end":{"line":90,"column":23}},{"start":{"line":89,"column":4},"end":{"line":90,"column":23}}],"line":89},"6":{"loc":{"start":{"line":92,"column":4},"end":{"line":94,"column":5}},"type":"if","locations":[{"start":{"line":92,"column":4},"end":{"line":94,"column":5}},{"start":{"line":92,"column":4},"end":{"line":94,"column":5}}],"line":92},"7":{"loc":{"start":{"line":96,"column":4},"end":{"line":97,"column":22}},"type":"if","locations":[{"start":{"line":96,"column":4},"end":{"line":97,"column":22}},{"start":{"line":96,"column":4},"end":{"line":97,"column":22}}],"line":96},"8":{"loc":{"start":{"line":98,"column":4},"end":{"line":99,"column":28}},"type":"if","locations":[{"start":{"line":98,"column":4},"end":{"line":99,"column":28}},{"start":{"line":98,"column":4},"end":{"line":99,"column":28}}],"line":98},"9":{"loc":{"start":{"line":103,"column":4},"end":{"line":105,"column":5}},"type":"if","locations":[{"start":{"line":103,"column":4},"end":{"line":105,"column":5}},{"start":{"line":103,"column":4},"end":{"line":105,"column":5}}],"line":103},"10":{"loc":{"start":{"line":106,"column":4},"end":{"line":108,"column":5}},"type":"if","locations":[{"start":{"line":106,"column":4},"end":{"line":108,"column":5}},{"start":{"line":106,"column":4},"end":{"line":108,"column":5}}],"line":106},"11":{"loc":{"start":{"line":110,"column":4},"end":{"line":111,"column":26}},"type":"if","locations":[{"start":{"line":110,"column":4},"end":{"line":111,"column":26}},{"start":{"line":110,"column":4},"end":{"line":111,"column":26}}],"line":110},"12":{"loc":{"start":{"line":113,"column":4},"end":{"line":114,"column":28}},"type":"if","locations":[{"start":{"line":113,"column":4},"end":{"line":114,"column":28}},{"start":{"line":113,"column":4},"end":{"line":114,"column":28}}],"line":113},"13":{"loc":{"start":{"line":116,"column":4},"end":{"line":117,"column":28}},"type":"if","locations":[{"start":{"line":116,"column":4},"end":{"line":117,"column":28}},{"start":{"line":116,"column":4},"end":{"line":117,"column":28}}],"line":116},"14":{"loc":{"start":{"line":139,"column":4},"end":{"line":140,"column":39}},"type":"if","locations":[{"start":{"line":139,"column":4},"end":{"line":140,"column":39}},{"start":{"line":139,"column":4},"end":{"line":140,"column":39}}],"line":139},"15":{"loc":{"start":{"line":213,"column":4},"end":{"line":214,"column":35}},"type":"if","locations":[{"start":{"line":213,"column":4},"end":{"line":214,"column":35}},{"start":{"line":213,"column":4},"end":{"line":214,"column":35}}],"line":213},"16":{"loc":{"start":{"line":216,"column":4},"end":{"line":226,"column":5}},"type":"if","locations":[{"start":{"line":216,"column":4},"end":{"line":226,"column":5}},{"start":{"line":216,"column":4},"end":{"line":226,"column":5}}],"line":216},"17":{"loc":{"start":{"line":219,"column":16},"end":{"line":223,"column":17}},"type":"if","locations":[{"start":{"line":219,"column":16},"end":{"line":223,"column":17}},{"start":{"line":219,"column":16},"end":{"line":223,"column":17}}],"line":219}},"s":{"0":0,"1":0,"2":0,"3":0,"4":0,"5":0,"6":0,"7":0,"8":0,"9":0,"10":0,"11":0,"12":0,"13":0,"14":0,"15":0,"16":0,"17":0,"18":0,"19":0,"20":0,"21":0,"22":0,"23":0,"24":0,"25":0,"26":0,"27":0,"28":0,"29":0,"30":0,"31":0,"32":0,"33":0,"34":0,"35":0,"36":0,"37":0,"38":0,"39":0,"40":0,"41":0,"42":0,"43":0,"44":0,"45":0,"46":0,"47":0,"48":0,"49":0,"50":0,"51":0,"52":0,"53":0,"54":0,"55":0,"56":0,"57":0,"58":0,"59":0,"60":0,"61":0,"62":0,"63":0,"64":0,"65":0,"66":0,"67":0,"68":0,"69":0,"70":0,"71":0,"72":0,"73":0,"74":0,"75":0,"76":0,"77":0,"78":0,"79":0,"80":0,"81":0,"82":0,"83":0,"84":0,"85":0,"86":0,"87":0,"88":0,"89":0,"90":0,"91":0,"92":0,"93":0,"94":0,"95":0,"96":0,"97":0,"98":0,"99":0,"100":0,"101":0,"102":0,"103":0,"104":0,"105":0,"106":0,"107":0,"108":0,"109":0,"110":0,"111":0,"112":0,"113":0,"114":0,"115":0,"116":0,"117":0,"118":0},"f":{"0":0,"1":0,"2":0,"3":0,"4":0,"5":0,"6":0,"7":0,"8":0,"9":0,"10":0,"11":0,"12":0,"13":0,"14":0,"15":0,"16":0,"17":0,"18":0,"19":0,"20":0,"21":0,"22":0,"23":0,"24":0,"25":0,"26":0,"27":0,"28":0,"29":0},"b":{"0":[0,0],"1":[0,0],"2":[0,0],"3":[0,0],"4":[0,0,0,0,0],"5":[0,0],"6":[0,0],"7":[0,0],"8":[0,0],"9":[0,0],"10":[0,0],"11":[0,0],"12":[0,0],"13":[0,0],"14":[0,0],"15":[0,0],"16":[0,0],"17":[0,0]}}
,"/Users/mtwomey/node/tspect/src/t/example.js": {"path":"/Users/mtwomey/node/tspect/src/t/example.js","statementMap":{"0":{"start":{"line":1,"column":13},"end":{"line":1,"column":33}},"1":{"start":{"line":3,"column":0},"end":{"line":3,"column":7}},"2":{"start":{"line":6,"column":4},"end":{"line":6,"column":38}},"3":{"start":{"line":7,"column":4},"end":{"line":7,"column":77}},"4":{"start":{"line":8,"column":4},"end":{"line":13,"column":7}},"5":{"start":{"line":10,"column":12},"end":{"line":10,"column":38}},"6":{"start":{"line":12,"column":8},"end":{"line":12,"column":45}},"7":{"start":{"line":14,"column":4},"end":{"line":19,"column":6}},"8":{"start":{"line":16,"column":12},"end":{"line":16,"column":46}},"9":{"start":{"line":18,"column":8},"end":{"line":18,"column":45}},"10":{"start":{"line":20,"column":4},"end":{"line":20,"column":42}}},"fnMap":{"0":{"name":"main","decl":{"start":{"line":5,"column":15},"end":{"line":5,"column":19}},"loc":{"start":{"line":5,"column":22},"end":{"line":21,"column":1}},"line":5},"1":{"name":"(anonymous_1)","decl":{"start":{"line":9,"column":8},"end":{"line":9,"column":9}},"loc":{"start":{"line":9,"column":14},"end":{"line":11,"column":9}},"line":9},"2":{"name":"(anonymous_2)","decl":{"start":{"line":11,"column":11},"end":{"line":11,"column":12}},"loc":{"start":{"line":11,"column":17},"end":{"line":11,"column":19}},"line":11},"3":{"name":"(anonymous_3)","decl":{"start":{"line":11,"column":26},"end":{"line":11,"column":27}},"loc":{"start":{"line":11,"column":36},"end":{"line":13,"column":5}},"line":11},"4":{"name":"(anonymous_4)","decl":{"start":{"line":15,"column":8},"end":{"line":15,"column":9}},"loc":{"start":{"line":15,"column":14},"end":{"line":17,"column":9}},"line":15},"5":{"name":"(anonymous_5)","decl":{"start":{"line":17,"column":16},"end":{"line":17,"column":17}},"loc":{"start":{"line":17,"column":26},"end":{"line":19,"column":5}},"line":17}},"branchMap":{},"s":{"0":0,"1":0,"2":0,"3":0,"4":0,"5":0,"6":0,"7":0,"8":0,"9":0,"10":0},"f":{"0":0,"1":0,"2":0,"3":0,"4":0,"5":0},"b":{}}
}
