TN:
SF:src/demo.js
FN:6,(anonymous_0)
FN:11,main
FNF:2
FNH:0
FNDA:0,(anonymous_0)
FNDA:0,main
DA:2,0
DA:4,0
DA:6,0
DA:7,0
DA:12,0
DA:13,0
DA:15,0
DA:42,0
DA:43,0
DA:45,0
LF:10
LH:0
BRF:0
BRH:0
end_of_record
TN:
SF:src/tspect.js
FN:5,PtyConfig
FN:9,DataHolder
FN:11,(anonymous_2)
FN:17,ExpectClauseHolder
FN:20,(anonymous_4)
FN:33,(anonymous_5)
FN:34,(anonymous_6)
FN:40,(anonymous_7)
FN:48,(anonymous_8)
FN:53,(anonymous_9)
FN:70,die
FN:71,(anonymous_11)
FN:76,isObject
FN:80,ExpectClause
FN:83,(anonymous_14)
FN:85,(anonymous_15)
FN:126,spawn
FN:147,(anonymous_17)
FN:150,(anonymous_18)
FN:157,(anonymous_19)
FN:160,(anonymous_20)
FN:166,interact
FN:167,(anonymous_22)
FN:172,(anonymous_23)
FN:177,(anonymous_24)
FN:182,(anonymous_25)
FN:187,(anonymous_26)
FN:203,processIncomingData
FN:208,(anonymous_28)
FN:209,(anonymous_29)
FNF:30
FNH:0
FNDA:0,PtyConfig
FNDA:0,DataHolder
FNDA:0,(anonymous_2)
FNDA:0,ExpectClauseHolder
FNDA:0,(anonymous_4)
FNDA:0,(anonymous_5)
FNDA:0,(anonymous_6)
FNDA:0,(anonymous_7)
FNDA:0,(anonymous_8)
FNDA:0,(anonymous_9)
FNDA:0,die
FNDA:0,(anonymous_11)
FNDA:0,isObject
FNDA:0,ExpectClause
FNDA:0,(anonymous_14)
FNDA:0,(anonymous_15)
FNDA:0,spawn
FNDA:0,(anonymous_17)
FNDA:0,(anonymous_18)
FNDA:0,(anonymous_19)
FNDA:0,(anonymous_20)
FNDA:0,interact
FNDA:0,(anonymous_22)
FNDA:0,(anonymous_23)
FNDA:0,(anonymous_24)
FNDA:0,(anonymous_25)
FNDA:0,(anonymous_26)
FNDA:0,processIncomingData
FNDA:0,(anonymous_28)
FNDA:0,(anonymous_29)
DA:2,0
DA:3,0
DA:6,0
DA:10,0
DA:11,0
DA:12,0
DA:14,0
DA:18,0
DA:20,0
DA:24,0
DA:25,0
DA:26,0
DA:27,0
DA:29,0
DA:30,0
DA:32,0
DA:33,0
DA:34,0
DA:36,0
DA:39,0
DA:40,0
DA:41,0
DA:42,0
DA:43,0
DA:47,0
DA:48,0
DA:49,0
DA:50,0
DA:53,0
DA:54,0
DA:55,0
DA:57,0
DA:58,0
DA:59,0
DA:62,0
DA:63,0
DA:64,0
DA:67,0
DA:71,0
DA:72,0
DA:77,0
DA:82,0
DA:83,0
DA:85,0
DA:86,0
DA:89,0
DA:90,0
DA:92,0
DA:93,0
DA:96,0
DA:97,0
DA:98,0
DA:99,0
DA:101,0
DA:103,0
DA:104,0
DA:106,0
DA:109,0
DA:110,0
DA:112,0
DA:113,0
DA:115,0
DA:116,0
DA:118,0
DA:119,0
DA:120,0
DA:121,0
DA:123,0
DA:127,0
DA:128,0
DA:129,0
DA:130,0
DA:131,0
DA:132,0
DA:134,0
DA:141,0
DA:143,0
DA:144,0
DA:145,0
DA:148,0
DA:151,0
DA:155,0
DA:157,0
DA:158,0
DA:160,0
DA:161,0
DA:163,0
DA:167,0
DA:168,0
DA:170,0
DA:172,0
DA:173,0
DA:175,0
DA:177,0
DA:178,0
DA:180,0
DA:182,0
DA:183,0
DA:185,0
DA:187,0
DA:189,0
DA:191,0
DA:193,0
DA:194,0
DA:195,0
DA:196,0
DA:198,0
DA:204,0
DA:205,0
DA:206,0
DA:207,0
DA:208,0
DA:209,0
DA:210,0
DA:211,0
DA:212,0
DA:213,0
DA:220,0
LF:118
LH:0
BRDA:24,0,0,0
BRDA:24,0,1,0
BRDA:26,1,0,0
BRDA:26,1,1,0
BRDA:29,2,0,0
BRDA:29,2,1,0
BRDA:62,3,0,0
BRDA:62,3,1,0
BRDA:77,4,0,0
BRDA:77,4,1,0
BRDA:77,4,2,0
BRDA:77,4,3,0
BRDA:77,4,4,0
BRDA:89,5,0,0
BRDA:89,5,1,0
BRDA:92,6,0,0
BRDA:92,6,1,0
BRDA:96,7,0,0
BRDA:96,7,1,0
BRDA:98,8,0,0
BRDA:98,8,1,0
BRDA:103,9,0,0
BRDA:103,9,1,0
BRDA:109,10,0,0
BRDA:109,10,1,0
BRDA:112,11,0,0
BRDA:112,11,1,0
BRDA:115,12,0,0
BRDA:115,12,1,0
BRDA:130,13,0,0
BRDA:130,13,1,0
BRDA:204,14,0,0
BRDA:204,14,1,0
BRDA:207,15,0,0
BRDA:207,15,1,0
BRDA:210,16,0,0
BRDA:210,16,1,0
BRF:37
BRH:0
end_of_record
